#
# There is insufficient memory for the Java Runtime Environment to continue.
# Native memory allocation (malloc) failed to allocate 32744 bytes for Chunk::new
# Possible reasons:
#   The system is out of physical RAM or swap space
#   The process is running with CompressedOops enabled, and the Java Heap may be blocking the growth of the native heap
# Possible solutions:
#   Reduce memory load on the system
#   Increase physical memory or swap space
#   Check if swap backing store is full
#   Decrease Java heap size (-Xmx/-Xms)
#   Decrease number of Java threads
#   Decrease Java thread stack sizes (-Xss)
#   Set larger code cache with -XX:ReservedCodeCacheSize=
#   JVM is running with Unscaled Compressed Oops mode in which the Java heap is
#     placed in the first 4GB address space. The Java Heap base address is the
#     maximum limit for the native heap growth. Please use -XX:HeapBaseMinAddress
#     to set the Java Heap base and to place the Java Heap above 4GB virtual address.
# This output file may be truncated or incomplete.
#
#  Out of Memory Error (arena.cpp:168), pid=6664, tid=18252
#
# JRE version: Java(TM) SE Runtime Environment (21.0.1+12) (build 21.0.1+12-LTS-29)
# Java VM: Java HotSpot(TM) 64-Bit Server VM (21.0.1+12-LTS-29, mixed mode, sharing, tiered, compressed oops, compressed class ptrs, g1 gc, windows-amd64)
# No core dump will be written. Minidumps are not enabled by default on client versions of Windows
#

---------------  S U M M A R Y ------------

Command Line: -Dfile.encoding=UTF-8 Principal.Inicio

Host: AMD Athlon Silver 3050U with Radeon Graphics   , 2 cores, 3G,  Windows 11 , 64 bit Build 22621 (10.0.22621.3374)
Time: Thu May  2 14:08:38 2024 Hora estándar, América Central elapsed time: 5.211951 seconds (0d 0h 0m 5s)

---------------  T H R E A D  ---------------

Current thread (0x000001e1fb4a4670):  JavaThread "C2 CompilerThread0" daemon [_thread_in_native, id=18252, stack(0x0000005937900000,0x0000005937a00000) (1024K)]


Current CompileTask:
C2:   5212 1183       4       java.util.HashMap::put (13 bytes)

Stack: [0x0000005937900000,0x0000005937a00000]
Native frames: (J=compiled Java code, j=interpreted, Vv=VM code, C=native code)
V  [jvm.dll+0x6c9029]
V  [jvm.dll+0x854b81]
V  [jvm.dll+0x856e5e]
V  [jvm.dll+0x857543]
V  [jvm.dll+0x280c06]
V  [jvm.dll+0xc3ead]
V  [jvm.dll+0xc43c3]
V  [jvm.dll+0x39d9f4]
V  [jvm.dll+0x1cd990]
V  [jvm.dll+0x2f3152]
V  [jvm.dll+0x6e3524]
V  [jvm.dll+0x6db7d6]
V  [jvm.dll+0x6dac6e]
V  [jvm.dll+0x6d8e8c]
V  [jvm.dll+0x1ccefc]
V  [jvm.dll+0x1cdaaa]
V  [jvm.dll+0x2f3152]
V  [jvm.dll+0x6e3524]
V  [jvm.dll+0x6db7d6]
V  [jvm.dll+0x6dac6e]
V  [jvm.dll+0x6d8e8c]
V  [jvm.dll+0x1ccefc]
V  [jvm.dll+0x248c3d]
V  [jvm.dll+0x1c9ca1]
V  [jvm.dll+0x2586b9]
V  [jvm.dll+0x256c9a]
V  [jvm.dll+0x3ef1b6]
V  [jvm.dll+0x7fd728]
V  [jvm.dll+0x6c777d]
C  [ucrtbase.dll+0x29333]
C  [KERNEL32.DLL+0x1257d]
C  [ntdll.dll+0x5aa48]


---------------  P R O C E S S  ---------------

Threads class SMR info:
_java_thread_list=0x000001e1d9231100, length=16, elements={
0x000001e1f003cb10, 0x000001e1f003d920, 0x000001e1f003e730, 0x000001e1fb49e300,
0x000001e1fb4a0e70, 0x000001e1fb4a38e0, 0x000001e1fb4a4670, 0x000001e1fb4a94d0,
0x000001e1d421fe90, 0x000001e1d42226d0, 0x000001e1d441c8d0, 0x000001e1d441cf40,
0x000001e1d4422c10, 0x000001e1d911f310, 0x000001e1edda7c80, 0x000001e1d422ad60
}

Java Threads: ( => current thread )
  0x000001e1f003cb10 JavaThread "Reference Handler"          daemon [_thread_blocked, id=18360, stack(0x0000005937300000,0x0000005937400000) (1024K)]
  0x000001e1f003d920 JavaThread "Finalizer"                  daemon [_thread_blocked, id=7768, stack(0x0000005937400000,0x0000005937500000) (1024K)]
  0x000001e1f003e730 JavaThread "Signal Dispatcher"          daemon [_thread_blocked, id=12236, stack(0x0000005937500000,0x0000005937600000) (1024K)]
  0x000001e1fb49e300 JavaThread "Attach Listener"            daemon [_thread_blocked, id=17956, stack(0x0000005937600000,0x0000005937700000) (1024K)]
  0x000001e1fb4a0e70 JavaThread "Service Thread"             daemon [_thread_blocked, id=18112, stack(0x0000005937700000,0x0000005937800000) (1024K)]
  0x000001e1fb4a38e0 JavaThread "Monitor Deflation Thread"   daemon [_thread_blocked, id=20444, stack(0x0000005937800000,0x0000005937900000) (1024K)]
=>0x000001e1fb4a4670 JavaThread "C2 CompilerThread0"         daemon [_thread_in_native, id=18252, stack(0x0000005937900000,0x0000005937a00000) (1024K)]
  0x000001e1fb4a94d0 JavaThread "C1 CompilerThread0"         daemon [_thread_blocked, id=1400, stack(0x0000005937a00000,0x0000005937b00000) (1024K)]
  0x000001e1d421fe90 JavaThread "Notification Thread"        daemon [_thread_blocked, id=11100, stack(0x0000005937b00000,0x0000005937c00000) (1024K)]
  0x000001e1d42226d0 JavaThread "Common-Cleaner"             daemon [_thread_blocked, id=19712, stack(0x0000005937c00000,0x0000005937d00000) (1024K)]
  0x000001e1d441c8d0 JavaThread "Java2D Disposer"            daemon [_thread_blocked, id=19956, stack(0x0000005937d00000,0x0000005937e00000) (1024K)]
  0x000001e1d441cf40 JavaThread "AWT-Shutdown"                      [_thread_blocked, id=15384, stack(0x0000005937e00000,0x0000005937f00000) (1024K)]
  0x000001e1d4422c10 JavaThread "AWT-Windows"                daemon [_thread_in_native, id=3928, stack(0x0000005937f00000,0x0000005938000000) (1024K)]
  0x000001e1d911f310 JavaThread "AWT-EventQueue-0"                  [_thread_blocked, id=6536, stack(0x0000005938600000,0x0000005938700000) (1024K)]
  0x000001e1edda7c80 JavaThread "DestroyJavaVM"                     [_thread_blocked, id=19988, stack(0x0000005936b00000,0x0000005936c00000) (1024K)]
  0x000001e1d422ad60 JavaThread "D3D Screen Updater"         daemon [_thread_blocked, id=9368, stack(0x0000005938800000,0x0000005938900000) (1024K)]
Total: 16

Other Threads:
  0x000001e1f0024a30 VMThread "VM Thread"                           [id=19668, stack(0x0000005937200000,0x0000005937300000) (1024K)]
  0x000001e1f0007020 WatcherThread "VM Periodic Task Thread"        [id=204, stack(0x0000005937100000,0x0000005937200000) (1024K)]
  0x000001e1effa8e70 WorkerThread "GC Thread#0"                     [id=9420, stack(0x0000005936c00000,0x0000005936d00000) (1024K)]
  0x000001e1d9217ed0 WorkerThread "GC Thread#1"                     [id=16944, stack(0x0000005938700000,0x0000005938800000) (1024K)]
  0x000001e1effb0ad0 ConcurrentGCThread "G1 Main Marker"            [id=8572, stack(0x0000005936d00000,0x0000005936e00000) (1024K)]
  0x000001e1effb1780 WorkerThread "G1 Conc#0"                       [id=5588, stack(0x0000005936e00000,0x0000005936f00000) (1024K)]
  0x000001e1efffabd0 ConcurrentGCThread "G1 Refine#0"               [id=13592, stack(0x0000005936f00000,0x0000005937000000) (1024K)]
  0x000001e1efffb8f0 ConcurrentGCThread "G1 Service"                [id=18720, stack(0x0000005937000000,0x0000005937100000) (1024K)]
Total: 8

Threads with active compile tasks:
C2 CompilerThread0     5255 1183       4       java.util.HashMap::put (13 bytes)
Total: 1

VM state: not at safepoint (normal execution)

VM Mutex/Monitor currently owned by a thread: None

Heap address: 0x00000000c9c00000, size: 868 MB, Compressed Oops mode: 32-bit

CDS archive(s) mapped at: [0x000001e18f000000-0x000001e18fc90000-0x000001e18fc90000), size 13172736, SharedBaseAddress: 0x000001e18f000000, ArchiveRelocationMode: 1.
Compressed class space mapped at: 0x000001e190000000-0x000001e1d0000000, reserved size: 1073741824
Narrow klass base: 0x000001e18f000000, Narrow klass shift: 0, Narrow klass range: 0x100000000

GC Precious Log:
 CardTable entry size: 512
 Card Set container configuration: InlinePtr #cards 5 size 8 Array Of Cards #cards 12 size 40 Howl #buckets 4 coarsen threshold 1843 Howl Bitmap #cards 512 size 80 coarsen threshold 460 Card regions per heap region 1 cards per card region 2048
 CPUs: 2 total, 2 available
 Memory: 3470M
 Large Page Support: Disabled
 NUMA Support: Disabled
 Compressed Oops: Enabled (32-bit)
 Heap Region Size: 1M
 Heap Min Capacity: 8M
 Heap Initial Capacity: 56M
 Heap Max Capacity: 868M
 Pre-touch: Disabled
 Parallel Workers: 2
 Concurrent Workers: 1
 Concurrent Refinement Workers: 2
 Periodic GC: Disabled

Heap:
 garbage-first heap   total 57344K, used 4096K [0x00000000c9c00000, 0x0000000100000000)
  region size 1024K, 4 young (4096K), 1 survivors (1024K)
 Metaspace       used 6965K, committed 7168K, reserved 1114112K
  class space    used 733K, committed 832K, reserved 1048576K

Heap Regions: E=young(eden), S=young(survivor), O=old, HS=humongous(starts), HC=humongous(continues), CS=collection set, F=free, TAMS=top-at-mark-start, PB=parsable bottom
|   0|0x00000000c9c00000, 0x00000000c9d00000, 0x00000000c9d00000|100%| O|  |TAMS 0x00000000c9c00000| PB 0x00000000c9c00000| Untracked 
|   1|0x00000000c9d00000, 0x00000000c9d00000, 0x00000000c9e00000|  0%| F|  |TAMS 0x00000000c9d00000| PB 0x00000000c9d00000| Untracked 
|   2|0x00000000c9e00000, 0x00000000c9e00000, 0x00000000c9f00000|  0%| F|  |TAMS 0x00000000c9e00000| PB 0x00000000c9e00000| Untracked 
|   3|0x00000000c9f00000, 0x00000000c9f00000, 0x00000000ca000000|  0%| F|  |TAMS 0x00000000c9f00000| PB 0x00000000c9f00000| Untracked 
|   4|0x00000000ca000000, 0x00000000ca000000, 0x00000000ca100000|  0%| F|  |TAMS 0x00000000ca000000| PB 0x00000000ca000000| Untracked 
|   5|0x00000000ca100000, 0x00000000ca100000, 0x00000000ca200000|  0%| F|  |TAMS 0x00000000ca100000| PB 0x00000000ca100000| Untracked 
|   6|0x00000000ca200000, 0x00000000ca200000, 0x00000000ca300000|  0%| F|  |TAMS 0x00000000ca200000| PB 0x00000000ca200000| Untracked 
|   7|0x00000000ca300000, 0x00000000ca300000, 0x00000000ca400000|  0%| F|  |TAMS 0x00000000ca300000| PB 0x00000000ca300000| Untracked 
|   8|0x00000000ca400000, 0x00000000ca400000, 0x00000000ca500000|  0%| F|  |TAMS 0x00000000ca400000| PB 0x00000000ca400000| Untracked 
|   9|0x00000000ca500000, 0x00000000ca500000, 0x00000000ca600000|  0%| F|  |TAMS 0x00000000ca500000| PB 0x00000000ca500000| Untracked 
|  10|0x00000000ca600000, 0x00000000ca600000, 0x00000000ca700000|  0%| F|  |TAMS 0x00000000ca600000| PB 0x00000000ca600000| Untracked 
|  11|0x00000000ca700000, 0x00000000ca700000, 0x00000000ca800000|  0%| F|  |TAMS 0x00000000ca700000| PB 0x00000000ca700000| Untracked 
|  12|0x00000000ca800000, 0x00000000ca800000, 0x00000000ca900000|  0%| F|  |TAMS 0x00000000ca800000| PB 0x00000000ca800000| Untracked 
|  13|0x00000000ca900000, 0x00000000ca900000, 0x00000000caa00000|  0%| F|  |TAMS 0x00000000ca900000| PB 0x00000000ca900000| Untracked 
|  14|0x00000000caa00000, 0x00000000caa00000, 0x00000000cab00000|  0%| F|  |TAMS 0x00000000caa00000| PB 0x00000000caa00000| Untracked 
|  15|0x00000000cab00000, 0x00000000cab00000, 0x00000000cac00000|  0%| F|  |TAMS 0x00000000cab00000| PB 0x00000000cab00000| Untracked 
|  16|0x00000000cac00000, 0x00000000cac00000, 0x00000000cad00000|  0%| F|  |TAMS 0x00000000cac00000| PB 0x00000000cac00000| Untracked 
|  17|0x00000000cad00000, 0x00000000cad00000, 0x00000000cae00000|  0%| F|  |TAMS 0x00000000cad00000| PB 0x00000000cad00000| Untracked 
|  18|0x00000000cae00000, 0x00000000cae00000, 0x00000000caf00000|  0%| F|  |TAMS 0x00000000cae00000| PB 0x00000000cae00000| Untracked 
|  19|0x00000000caf00000, 0x00000000caf00000, 0x00000000cb000000|  0%| F|  |TAMS 0x00000000caf00000| PB 0x00000000caf00000| Untracked 
|  20|0x00000000cb000000, 0x00000000cb000000, 0x00000000cb100000|  0%| F|  |TAMS 0x00000000cb000000| PB 0x00000000cb000000| Untracked 
|  21|0x00000000cb100000, 0x00000000cb100000, 0x00000000cb200000|  0%| F|  |TAMS 0x00000000cb100000| PB 0x00000000cb100000| Untracked 
|  22|0x00000000cb200000, 0x00000000cb200000, 0x00000000cb300000|  0%| F|  |TAMS 0x00000000cb200000| PB 0x00000000cb200000| Untracked 
|  23|0x00000000cb300000, 0x00000000cb300000, 0x00000000cb400000|  0%| F|  |TAMS 0x00000000cb300000| PB 0x00000000cb300000| Untracked 
|  24|0x00000000cb400000, 0x00000000cb400000, 0x00000000cb500000|  0%| F|  |TAMS 0x00000000cb400000| PB 0x00000000cb400000| Untracked 
|  25|0x00000000cb500000, 0x00000000cb500000, 0x00000000cb600000|  0%| F|  |TAMS 0x00000000cb500000| PB 0x00000000cb500000| Untracked 
|  26|0x00000000cb600000, 0x00000000cb600000, 0x00000000cb700000|  0%| F|  |TAMS 0x00000000cb600000| PB 0x00000000cb600000| Untracked 
|  27|0x00000000cb700000, 0x00000000cb700000, 0x00000000cb800000|  0%| F|  |TAMS 0x00000000cb700000| PB 0x00000000cb700000| Untracked 
|  28|0x00000000cb800000, 0x00000000cb800000, 0x00000000cb900000|  0%| F|  |TAMS 0x00000000cb800000| PB 0x00000000cb800000| Untracked 
|  29|0x00000000cb900000, 0x00000000cb900000, 0x00000000cba00000|  0%| F|  |TAMS 0x00000000cb900000| PB 0x00000000cb900000| Untracked 
|  30|0x00000000cba00000, 0x00000000cba00000, 0x00000000cbb00000|  0%| F|  |TAMS 0x00000000cba00000| PB 0x00000000cba00000| Untracked 
|  31|0x00000000cbb00000, 0x00000000cbb00000, 0x00000000cbc00000|  0%| F|  |TAMS 0x00000000cbb00000| PB 0x00000000cbb00000| Untracked 
|  32|0x00000000cbc00000, 0x00000000cbc00000, 0x00000000cbd00000|  0%| F|  |TAMS 0x00000000cbc00000| PB 0x00000000cbc00000| Untracked 
|  33|0x00000000cbd00000, 0x00000000cbd00000, 0x00000000cbe00000|  0%| F|  |TAMS 0x00000000cbd00000| PB 0x00000000cbd00000| Untracked 
|  34|0x00000000cbe00000, 0x00000000cbe00000, 0x00000000cbf00000|  0%| F|  |TAMS 0x00000000cbe00000| PB 0x00000000cbe00000| Untracked 
|  35|0x00000000cbf00000, 0x00000000cbf00000, 0x00000000cc000000|  0%| F|  |TAMS 0x00000000cbf00000| PB 0x00000000cbf00000| Untracked 
|  36|0x00000000cc000000, 0x00000000cc000000, 0x00000000cc100000|  0%| F|  |TAMS 0x00000000cc000000| PB 0x00000000cc000000| Untracked 
|  37|0x00000000cc100000, 0x00000000cc100000, 0x00000000cc200000|  0%| F|  |TAMS 0x00000000cc100000| PB 0x00000000cc100000| Untracked 
|  38|0x00000000cc200000, 0x00000000cc200000, 0x00000000cc300000|  0%| F|  |TAMS 0x00000000cc200000| PB 0x00000000cc200000| Untracked 
|  39|0x00000000cc300000, 0x00000000cc300000, 0x00000000cc400000|  0%| F|  |TAMS 0x00000000cc300000| PB 0x00000000cc300000| Untracked 
|  40|0x00000000cc400000, 0x00000000cc400000, 0x00000000cc500000|  0%| F|  |TAMS 0x00000000cc400000| PB 0x00000000cc400000| Untracked 
|  41|0x00000000cc500000, 0x00000000cc500000, 0x00000000cc600000|  0%| F|  |TAMS 0x00000000cc500000| PB 0x00000000cc500000| Untracked 
|  42|0x00000000cc600000, 0x00000000cc600000, 0x00000000cc700000|  0%| F|  |TAMS 0x00000000cc600000| PB 0x00000000cc600000| Untracked 
|  43|0x00000000cc700000, 0x00000000cc700000, 0x00000000cc800000|  0%| F|  |TAMS 0x00000000cc700000| PB 0x00000000cc700000| Untracked 
|  44|0x00000000cc800000, 0x00000000cc800000, 0x00000000cc900000|  0%| F|  |TAMS 0x00000000cc800000| PB 0x00000000cc800000| Untracked 
|  45|0x00000000cc900000, 0x00000000cc900000, 0x00000000cca00000|  0%| F|  |TAMS 0x00000000cc900000| PB 0x00000000cc900000| Untracked 
|  46|0x00000000cca00000, 0x00000000cca00000, 0x00000000ccb00000|  0%| F|  |TAMS 0x00000000cca00000| PB 0x00000000cca00000| Untracked 
|  47|0x00000000ccb00000, 0x00000000ccb00000, 0x00000000ccc00000|  0%| F|  |TAMS 0x00000000ccb00000| PB 0x00000000ccb00000| Untracked 
|  48|0x00000000ccc00000, 0x00000000ccc00000, 0x00000000ccd00000|  0%| F|  |TAMS 0x00000000ccc00000| PB 0x00000000ccc00000| Untracked 
|  49|0x00000000ccd00000, 0x00000000cce00000, 0x00000000cce00000|100%| S|CS|TAMS 0x00000000ccd00000| PB 0x00000000ccd00000| Complete 
|  50|0x00000000cce00000, 0x00000000cce00000, 0x00000000ccf00000|  0%| F|  |TAMS 0x00000000cce00000| PB 0x00000000cce00000| Untracked 
|  51|0x00000000ccf00000, 0x00000000ccf00000, 0x00000000cd000000|  0%| F|  |TAMS 0x00000000ccf00000| PB 0x00000000ccf00000| Untracked 
|  52|0x00000000cd000000, 0x00000000cd000000, 0x00000000cd100000|  0%| F|  |TAMS 0x00000000cd000000| PB 0x00000000cd000000| Untracked 
|  53|0x00000000cd100000, 0x00000000cd10d510, 0x00000000cd200000|  5%| E|  |TAMS 0x00000000cd100000| PB 0x00000000cd100000| Complete 
|  54|0x00000000cd200000, 0x00000000cd300000, 0x00000000cd300000|100%| E|CS|TAMS 0x00000000cd200000| PB 0x00000000cd200000| Complete 
|  55|0x00000000cd300000, 0x00000000cd400000, 0x00000000cd400000|100%| E|CS|TAMS 0x00000000cd300000| PB 0x00000000cd300000| Complete 

Card table byte_map: [0x000001e1efd20000,0x000001e1efee0000] _byte_map_base: 0x000001e1ef6d2000

Marking Bits: (CMBitMap*) 0x000001e1effa9570
 Bits: [0x000001e1f83d0000, 0x000001e1f9160000)

Polling page: 0x000001e1edf70000

Metaspace:

Usage:
  Non-class:      6.09 MB used.
      Class:    733.96 KB used.
       Both:      6.80 MB used.

Virtual space:
  Non-class space:       64.00 MB reserved,       6.19 MB ( 10%) committed,  1 nodes.
      Class space:        1.00 GB reserved,     832.00 KB ( <1%) committed,  1 nodes.
             Both:        1.06 GB reserved,       7.00 MB ( <1%) committed. 

Chunk freelists:
   Non-Class:  9.00 MB
       Class:  15.24 MB
        Both:  24.24 MB

MaxMetaspaceSize: unlimited
CompressedClassSpaceSize: 1.00 GB
Initial GC threshold: 21.00 MB
Current GC threshold: 21.00 MB
CDS: on
 - commit_granule_bytes: 65536.
 - commit_granule_words: 8192.
 - virtual_space_node_default_size: 8388608.
 - enlarge_chunks_in_place: 1.
 - use_allocation_guard: 0.


Internal statistics:

num_allocs_failed_limit: 0.
num_arena_births: 140.
num_arena_deaths: 0.
num_vsnodes_births: 2.
num_vsnodes_deaths: 0.
num_space_committed: 112.
num_space_uncommitted: 0.
num_chunks_returned_to_freelist: 0.
num_chunks_taken_from_freelist: 191.
num_chunk_merges: 0.
num_chunk_splits: 109.
num_chunks_enlarged: 42.
num_inconsistent_stats: 0.

CodeHeap 'non-profiled nmethods': size=120064Kb used=309Kb max_used=309Kb free=119754Kb
 bounds [0x000001e187ac0000, 0x000001e187d30000, 0x000001e18f000000]
CodeHeap 'profiled nmethods': size=120000Kb used=1885Kb max_used=1885Kb free=118114Kb
 bounds [0x000001e180000000, 0x000001e180270000, 0x000001e187530000]
CodeHeap 'non-nmethods': size=5696Kb used=1512Kb max_used=1527Kb free=4183Kb
 bounds [0x000001e187530000, 0x000001e1877a0000, 0x000001e187ac0000]
 total_blobs=1778 nmethods=1190 adapters=493
 compilation: enabled
              stopped_count=0, restarted_count=0
 full_count=0

Compilation events (20 events):
Event: 5.113 Thread 0x000001e1fb4a94d0 nmethod 1173 0x000001e1801cfd90 code [0x000001e1801cff60, 0x000001e1801d01d0]
Event: 5.116 Thread 0x000001e1fb4a94d0 1174       3       javax.swing.GroupLayout::getLayoutStyle0 (15 bytes)
Event: 5.117 Thread 0x000001e1fb4a94d0 nmethod 1174 0x000001e1801d0290 code [0x000001e1801d0440, 0x000001e1801d05e8]
Event: 5.117 Thread 0x000001e1fb4a94d0 1175   !   3       javax.swing.LayoutStyle::getInstance (40 bytes)
Event: 5.117 Thread 0x000001e1fb4a94d0 nmethod 1175 0x000001e1801d0690 code [0x000001e1801d08a0, 0x000001e1801d0db0]
Event: 5.117 Thread 0x000001e1fb4a94d0 1176       3       javax.swing.UIManager::getLookAndFeel (10 bytes)
Event: 5.117 Thread 0x000001e1fb4a94d0 nmethod 1176 0x000001e1801d1010 code [0x000001e1801d11c0, 0x000001e1801d1310]
Event: 5.117 Thread 0x000001e1fb4a94d0 1177       3       javax.swing.plaf.metal.MetalLookAndFeel::getLayoutStyle (4 bytes)
Event: 5.117 Thread 0x000001e1fb4a94d0 nmethod 1177 0x000001e1801d1410 code [0x000001e1801d15a0, 0x000001e1801d16b8]
Event: 5.117 Thread 0x000001e1fb4a94d0 1178       3       java.awt.Component::isShowing (38 bytes)
Event: 5.118 Thread 0x000001e1fb4a94d0 nmethod 1178 0x000001e1801d1790 code [0x000001e1801d1960, 0x000001e1801d1c78]
Event: 5.118 Thread 0x000001e1fb4a94d0 1179       3       java.awt.Rectangle::isEmpty (20 bytes)
Event: 5.118 Thread 0x000001e1fb4a94d0 nmethod 1179 0x000001e1801d1d10 code [0x000001e1801d1ec0, 0x000001e1801d2068]
Event: 5.119 Thread 0x000001e1fb4a94d0 1180       3       sun.java2d.pipe.Region::dimAdd (20 bytes)
Event: 5.119 Thread 0x000001e1fb4a94d0 nmethod 1180 0x000001e1801d2110 code [0x000001e1801d22c0, 0x000001e1801d2480]
Event: 5.119 Thread 0x000001e1fb4a94d0 1181       1       sun.java2d.pipe.RenderQueue::getBuffer (5 bytes)
Event: 5.119 Thread 0x000001e1fb4a94d0 nmethod 1181 0x000001e187b0ca10 code [0x000001e187b0cba0, 0x000001e187b0cc68]
Event: 5.134 Thread 0x000001e1fb4a94d0 1182       3       java.awt.event.ComponentEvent::<init> (7 bytes)
Event: 5.134 Thread 0x000001e1fb4a94d0 nmethod 1182 0x000001e1801d2510 code [0x000001e1801d26c0, 0x000001e1801d2800]
Event: 5.206 Thread 0x000001e1fb4a4670 1183       4       java.util.HashMap::put (13 bytes)

GC Heap History (2 events):
Event: 1.995 GC heap before
{Heap before GC invocations=0 (full 0):
 garbage-first heap   total 57344K, used 6144K [0x00000000c9c00000, 0x0000000100000000)
  region size 1024K, 6 young (6144K), 0 survivors (0K)
 Metaspace       used 5979K, committed 6272K, reserved 1114112K
  class space    used 630K, committed 768K, reserved 1048576K
}
Event: 2.005 GC heap after
{Heap after GC invocations=1 (full 0):
 garbage-first heap   total 57344K, used 2048K [0x00000000c9c00000, 0x0000000100000000)
  region size 1024K, 1 young (1024K), 1 survivors (1024K)
 Metaspace       used 5979K, committed 6272K, reserved 1114112K
  class space    used 630K, committed 768K, reserved 1048576K
}

Dll operation events (9 events):
Event: 0.031 Loaded shared library C:\Program Files\Java\jdk-21\bin\java.dll
Event: 0.112 Loaded shared library C:\Program Files\Java\jdk-21\bin\jsvml.dll
Event: 0.167 Loaded shared library C:\Program Files\Java\jdk-21\bin\net.dll
Event: 0.169 Loaded shared library C:\Program Files\Java\jdk-21\bin\nio.dll
Event: 0.223 Loaded shared library C:\Program Files\Java\jdk-21\bin\zip.dll
Event: 0.499 Loaded shared library C:\Program Files\Java\jdk-21\bin\jimage.dll
Event: 0.616 Loaded shared library C:\Program Files\Java\jdk-21\bin\awt.dll
Event: 1.112 Loaded shared library C:\Program Files\Java\jdk-21\bin\freetype.dll
Event: 1.113 Loaded shared library C:\Program Files\Java\jdk-21\bin\fontmanager.dll

Deoptimization events (18 events):
Event: 0.187 Thread 0x000001e1edda7c80 DEOPT PACKING pc=0x000001e180000c49 sp=0x0000005936bfd7c0
Event: 0.187 Thread 0x000001e1edda7c80 DEOPT UNPACKING pc=0x000001e187584e42 sp=0x0000005936bfcc38 mode 0
Event: 1.238 Thread 0x000001e1edda7c80 Uncommon trap: trap_request=0xffffff45 fr.pc=0x000001e187aec414 relative=0x0000000000000074
Event: 1.238 Thread 0x000001e1edda7c80 Uncommon trap: reason=unstable_if action=reinterpret pc=0x000001e187aec414 method=java.lang.CharacterDataLatin1.toLowerCase(I)I @ 16 c2
Event: 1.238 Thread 0x000001e1edda7c80 DEOPT PACKING pc=0x000001e187aec414 sp=0x0000005936bfbb10
Event: 1.238 Thread 0x000001e1edda7c80 DEOPT UNPACKING pc=0x000001e1875846a2 sp=0x0000005936bfba90 mode 2
Event: 1.262 Thread 0x000001e1edda7c80 Uncommon trap: trap_request=0xffffff45 fr.pc=0x000001e187aed35c relative=0x000000000000047c
Event: 1.262 Thread 0x000001e1edda7c80 Uncommon trap: reason=unstable_if action=reinterpret pc=0x000001e187aed35c method=java.lang.StringLatin1.toLowerCase(Ljava/lang/String;[BLjava/util/Locale;)Ljava/lang/String; @ 43 c2
Event: 1.262 Thread 0x000001e1edda7c80 DEOPT PACKING pc=0x000001e187aed35c sp=0x0000005936bfb8c0
Event: 1.262 Thread 0x000001e1edda7c80 DEOPT UNPACKING pc=0x000001e1875846a2 sp=0x0000005936bfb830 mode 2
Event: 1.903 Thread 0x000001e1edda7c80 DEOPT PACKING pc=0x000001e180023719 sp=0x0000005936bfbd90
Event: 1.903 Thread 0x000001e1edda7c80 DEOPT UNPACKING pc=0x000001e187584e42 sp=0x0000005936bfb1b0 mode 0
Event: 2.023 Thread 0x000001e1edda7c80 DEOPT PACKING pc=0x000001e1800f8192 sp=0x0000005936bfc410
Event: 2.024 Thread 0x000001e1edda7c80 DEOPT UNPACKING pc=0x000001e187584e42 sp=0x0000005936bfb898 mode 0
Event: 2.350 Thread 0x000001e1d911f310 Uncommon trap: trap_request=0xffffff76 fr.pc=0x000001e187af7eb8 relative=0x0000000000000218
Event: 2.350 Thread 0x000001e1d911f310 Uncommon trap: reason=predicate action=maybe_recompile pc=0x000001e187af7eb8 method=java.util.ArrayList.indexOfRange(Ljava/lang/Object;II)I @ 45 c2
Event: 2.350 Thread 0x000001e1d911f310 DEOPT PACKING pc=0x000001e187af7eb8 sp=0x00000059386fde70
Event: 2.350 Thread 0x000001e1d911f310 DEOPT UNPACKING pc=0x000001e1875846a2 sp=0x00000059386fdde8 mode 2

Classes loaded (20 events):
Event: 2.400 Loading class java/awt/TextComponent
Event: 2.400 Loading class java/awt/TextComponent done
Event: 2.401 Loading class javax/swing/text/JTextComponent
Event: 2.401 Loading class javax/swing/Scrollable
Event: 2.401 Loading class javax/swing/Scrollable done
Event: 2.401 Loading class javax/swing/text/JTextComponent done
Event: 2.402 Loading class java/awt/KeyboardFocusManager$3
Event: 2.402 Loading class java/awt/KeyboardFocusManager$3 done
Event: 2.419 Loading class sun/awt/im/CompositionAreaHandler
Event: 2.419 Loading class sun/awt/im/CompositionAreaHandler done
Event: 2.420 Loading class java/text/AttributedString
Event: 2.430 Loading class java/text/AttributedString done
Event: 2.431 Loading class java/text/AttributedString$AttributedStringIterator
Event: 2.432 Loading class java/text/AttributedCharacterIterator
Event: 2.432 Loading class java/text/CharacterIterator
Event: 2.432 Loading class java/text/CharacterIterator done
Event: 2.433 Loading class java/text/AttributedCharacterIterator done
Event: 2.433 Loading class java/text/AttributedString$AttributedStringIterator done
Event: 3.636 Loading class java/awt/event/ContainerEvent
Event: 3.636 Loading class java/awt/event/ContainerEvent done

Classes unloaded (0 events):
No events

Classes redefined (0 events):
No events

Internal exceptions (11 events):
Event: 0.592 Thread 0x000001e1edda7c80 Exception <a 'java/lang/ClassNotFoundException'{0x00000000cd259380}: sun/awt/resources/spi/awtProvider> (0x00000000cd259380) 
thrown [s\open\src\hotspot\share\classfile\systemDictionary.cpp, line 312]
Event: 0.639 Thread 0x000001e1edda7c80 Exception <a 'java/io/FileNotFoundException'{0x00000000cd2b32c0}> (0x00000000cd2b32c0) 
thrown [s\open\src\hotspot\share\prims\jni.cpp, line 520]
Event: 0.657 Thread 0x000001e1edda7c80 Exception <a 'java/io/FileNotFoundException'{0x00000000cd2dd810}> (0x00000000cd2dd810) 
thrown [s\open\src\hotspot\share\prims\jni.cpp, line 520]
Event: 0.937 Thread 0x000001e1edda7c80 Exception <a 'java/lang/NoSuchMethodError'{0x00000000cd1b5490}: 'void java.lang.invoke.DirectMethodHandle$Holder.invokeSpecial(java.lang.Object, java.lang.Object, java.lang.Object)'> (0x00000000cd1b5490) 
thrown [s\open\src\hotspot\share\interpreter\linkResolver.cpp, line 773]
Event: 0.956 Thread 0x000001e1edda7c80 Exception <a 'java/lang/NoSuchMethodError'{0x00000000cd1db3d8}: 'java.lang.Object java.lang.invoke.DirectMethodHandle$Holder.newInvokeSpecial(java.lang.Object, java.lang.Object, java.lang.Object, java.lang.Object, java.lang.Object)'> (0x00000000cd1db3d8) 
thrown [s\open\src\hotspot\share\interpreter\linkResolver.cpp, line 773]
Event: 0.970 Thread 0x000001e1edda7c80 Exception <a 'java/lang/NoSuchMethodError'{0x00000000cd0077b8}: 'java.lang.Object java.lang.invoke.DirectMethodHandle$Holder.invokeStatic(java.lang.Object, int, java.lang.Object)'> (0x00000000cd0077b8) 
thrown [s\open\src\hotspot\share\interpreter\linkResolver.cpp, line 773]
Event: 1.013 Thread 0x000001e1edda7c80 Exception <a 'java/lang/ClassNotFoundException'{0x00000000cd0a7cf0}: com/sun/swing/internal/plaf/metal/resources/spi/metalProvider> (0x00000000cd0a7cf0) 
thrown [s\open\src\hotspot\share\classfile\systemDictionary.cpp, line 312]
Event: 1.016 Thread 0x000001e1edda7c80 Exception <a 'java/lang/ClassNotFoundException'{0x00000000cd0abcd0}: com/sun/swing/internal/plaf/basic/resources/spi/basicProvider> (0x00000000cd0abcd0) 
thrown [s\open\src\hotspot\share\classfile\systemDictionary.cpp, line 312]
Event: 1.034 Thread 0x000001e1edda7c80 Exception <a 'java/lang/NoSuchMethodError'{0x00000000cd0cb7a0}: 'int java.lang.invoke.Invokers$Holder.invokeExact_MT(java.lang.Object, java.lang.Object)'> (0x00000000cd0cb7a0) 
thrown [s\open\src\hotspot\share\interpreter\linkResolver.cpp, line 773]
Event: 1.078 Thread 0x000001e1d4422c10 Exception <a 'java/lang/NoSuchMethodError'{0x00000000cd189ba0}: 'void java.lang.invoke.DirectMethodHandle$Holder.invokeVirtual(java.lang.Object, java.lang.Object)'> (0x00000000cd189ba0) 
thrown [s\open\src\hotspot\share\interpreter\linkResolver.cpp, line 773]
Event: 1.103 Thread 0x000001e1edda7c80 Exception <a 'java/lang/NoSuchMethodError'{0x00000000ccf1a440}: 'void java.lang.invoke.DirectMethodHandle$Holder.invokeStaticInit(java.lang.Object)'> (0x00000000ccf1a440) 
thrown [s\open\src\hotspot\share\interpreter\linkResolver.cpp, line 773]

ZGC Phase Switch (0 events):
No events

VM Operations (18 events):
Event: 1.013 Executing VM operation: HandshakeAllThreads (Deoptimize)
Event: 1.013 Executing VM operation: HandshakeAllThreads (Deoptimize) done
Event: 1.086 Executing VM operation: HandshakeAllThreads (Deoptimize)
Event: 1.086 Executing VM operation: HandshakeAllThreads (Deoptimize) done
Event: 1.086 Executing VM operation: Cleanup
Event: 1.086 Executing VM operation: Cleanup done
Event: 1.995 Executing VM operation: G1CollectForAllocation (G1 Evacuation Pause)
Event: 2.007 Executing VM operation: G1CollectForAllocation (G1 Evacuation Pause) done
Event: 2.070 Executing VM operation: HandshakeAllThreads (Deoptimize)
Event: 2.070 Executing VM operation: HandshakeAllThreads (Deoptimize) done
Event: 2.350 Executing VM operation: HandshakeAllThreads (Deoptimize)
Event: 2.350 Executing VM operation: HandshakeAllThreads (Deoptimize) done
Event: 2.401 Executing VM operation: HandshakeAllThreads (Deoptimize)
Event: 2.401 Executing VM operation: HandshakeAllThreads (Deoptimize) done
Event: 3.406 Executing VM operation: Cleanup
Event: 3.406 Executing VM operation: Cleanup done
Event: 4.411 Executing VM operation: Cleanup
Event: 4.411 Executing VM operation: Cleanup done

Events (18 events):
Event: 0.063 Thread 0x000001e1edda7c80 Thread added: 0x000001e1edda7c80
Event: 0.088 Thread 0x000001e1f003cb10 Thread added: 0x000001e1f003cb10
Event: 0.088 Thread 0x000001e1f003d920 Thread added: 0x000001e1f003d920
Event: 0.088 Thread 0x000001e1f003e730 Thread added: 0x000001e1f003e730
Event: 0.089 Thread 0x000001e1fb49e300 Thread added: 0x000001e1fb49e300
Event: 0.089 Thread 0x000001e1fb4a0e70 Thread added: 0x000001e1fb4a0e70
Event: 0.089 Thread 0x000001e1fb4a38e0 Thread added: 0x000001e1fb4a38e0
Event: 0.089 Thread 0x000001e1fb4a4670 Thread added: 0x000001e1fb4a4670
Event: 0.089 Thread 0x000001e1fb4a94d0 Thread added: 0x000001e1fb4a94d0
Event: 0.152 Thread 0x000001e1d421fe90 Thread added: 0x000001e1d421fe90
Event: 0.156 Thread 0x000001e1d42226d0 Thread added: 0x000001e1d42226d0
Event: 0.749 Thread 0x000001e1d441c8d0 Thread added: 0x000001e1d441c8d0
Event: 0.751 Thread 0x000001e1d441cf40 Thread added: 0x000001e1d441cf40
Event: 0.762 Thread 0x000001e1d4422c10 Thread added: 0x000001e1d4422c10
Event: 1.068 Thread 0x000001e1d911f310 Thread added: 0x000001e1d911f310
Event: 2.206 Thread 0x000001e1edda7c80 Thread exited: 0x000001e1edda7c80
Event: 2.207 Thread 0x000001e1edda7c80 Thread added: 0x000001e1edda7c80
Event: 2.234 Thread 0x000001e1d422ad60 Thread added: 0x000001e1d422ad60


Dynamic libraries:
0x00007ff6cece0000 - 0x00007ff6cecf0000 	C:\Program Files\Java\jdk-21\bin\java.exe
0x00007ff809990000 - 0x00007ff809ba6000 	C:\WINDOWS\SYSTEM32\ntdll.dll
0x00007ff8086f0000 - 0x00007ff8087b4000 	C:\WINDOWS\System32\KERNEL32.DLL
0x00007ff806ed0000 - 0x00007ff807277000 	C:\WINDOWS\System32\KERNELBASE.dll
0x00007ff8074e0000 - 0x00007ff8075f1000 	C:\WINDOWS\System32\ucrtbase.dll
0x00007ffff9fc0000 - 0x00007ffff9fd9000 	C:\Program Files\Java\jdk-21\bin\jli.dll
0x00007ff8087c0000 - 0x00007ff808872000 	C:\WINDOWS\System32\ADVAPI32.dll
0x00007ff809780000 - 0x00007ff809827000 	C:\WINDOWS\System32\msvcrt.dll
0x00007ff8096c0000 - 0x00007ff809768000 	C:\WINDOWS\System32\sechost.dll
0x00007ff807390000 - 0x00007ff8073b8000 	C:\WINDOWS\System32\bcrypt.dll
0x00007ff8088b0000 - 0x00007ff8089c5000 	C:\WINDOWS\System32\RPCRT4.dll
0x00007ff808360000 - 0x00007ff80850e000 	C:\WINDOWS\System32\USER32.dll
0x00007ff806ea0000 - 0x00007ff806ec6000 	C:\WINDOWS\System32\win32u.dll
0x00007ff808880000 - 0x00007ff8088a9000 	C:\WINDOWS\System32\GDI32.dll
0x00007ff8073c0000 - 0x00007ff8074d9000 	C:\WINDOWS\System32\gdi32full.dll
0x00007ff807280000 - 0x00007ff80731a000 	C:\WINDOWS\System32\msvcp_win.dll
0x00007ffffa000000 - 0x00007ffffa01b000 	C:\Program Files\Java\jdk-21\bin\VCRUNTIME140.dll
0x00007fffedec0000 - 0x00007fffee153000 	C:\WINDOWS\WinSxS\amd64_microsoft.windows.common-controls_6595b64144ccf1df_6.0.22621.3235_none_270f74e173860f98\COMCTL32.dll
0x00007fffff7f0000 - 0x00007fffff7fa000 	C:\WINDOWS\SYSTEM32\VERSION.dll
0x00007ff8089d0000 - 0x00007ff808a01000 	C:\WINDOWS\System32\IMM32.DLL
0x00007ffffd930000 - 0x00007ffffd93c000 	C:\Program Files\Java\jdk-21\bin\vcruntime140_1.dll
0x00007fffd2ba0000 - 0x00007fffd2c2e000 	C:\Program Files\Java\jdk-21\bin\msvcp140.dll
0x00007fffaaad0000 - 0x00007fffab7e5000 	C:\Program Files\Java\jdk-21\bin\server\jvm.dll
0x00007ff807770000 - 0x00007ff8077e1000 	C:\WINDOWS\System32\WS2_32.dll
0x00007ff806b80000 - 0x00007ff806bcd000 	C:\WINDOWS\SYSTEM32\POWRPROF.dll
0x00007fffff800000 - 0x00007fffff834000 	C:\WINDOWS\SYSTEM32\WINMM.dll
0x00007ff806b60000 - 0x00007ff806b73000 	C:\WINDOWS\SYSTEM32\UMPDC.dll
0x00007ff805cf0000 - 0x00007ff805d08000 	C:\WINDOWS\SYSTEM32\kernel.appcore.dll
0x00007ffffa820000 - 0x00007ffffa82a000 	C:\Program Files\Java\jdk-21\bin\jimage.dll
0x00007ffffb310000 - 0x00007ffffb543000 	C:\WINDOWS\SYSTEM32\DBGHELP.DLL
0x00007ff809080000 - 0x00007ff809408000 	C:\WINDOWS\System32\combase.dll
0x00007ff808510000 - 0x00007ff8085e7000 	C:\WINDOWS\System32\OLEAUT32.dll
0x00007fffe8680000 - 0x00007fffe86b2000 	C:\WINDOWS\SYSTEM32\dbgcore.DLL
0x00007ff806e20000 - 0x00007ff806e99000 	C:\WINDOWS\System32\bcryptPrimitives.dll
0x00007ffff9f40000 - 0x00007ffff9f5f000 	C:\Program Files\Java\jdk-21\bin\java.dll
0x00007ff8078c0000 - 0x00007ff80811c000 	C:\WINDOWS\System32\SHELL32.dll
0x00007ff804c10000 - 0x00007ff805509000 	C:\WINDOWS\SYSTEM32\windows.storage.dll
0x00007ff804ad0000 - 0x00007ff804c0e000 	C:\WINDOWS\SYSTEM32\wintypes.dll
0x00007ff809850000 - 0x00007ff809943000 	C:\WINDOWS\System32\SHCORE.dll
0x00007ff807860000 - 0x00007ff8078be000 	C:\WINDOWS\System32\shlwapi.dll
0x00007ff806be0000 - 0x00007ff806c01000 	C:\WINDOWS\SYSTEM32\profapi.dll
0x00007fffc8740000 - 0x00007fffc8817000 	C:\Program Files\Java\jdk-21\bin\jsvml.dll
0x00007ffffa0e0000 - 0x00007ffffa0f0000 	C:\Program Files\Java\jdk-21\bin\net.dll
0x00007ffffd650000 - 0x00007ffffd786000 	C:\WINDOWS\SYSTEM32\WINHTTP.dll
0x00007ff806160000 - 0x00007ff8061c9000 	C:\WINDOWS\system32\mswsock.dll
0x00007ffff7900000 - 0x00007ffff7916000 	C:\Program Files\Java\jdk-21\bin\nio.dll
0x00007ffff64e0000 - 0x00007ffff64f8000 	C:\Program Files\Java\jdk-21\bin\zip.dll
0x00007fffbd7c0000 - 0x00007fffbd94f000 	C:\Program Files\Java\jdk-21\bin\awt.dll
0x00007ff804060000 - 0x00007ff8040f7000 	C:\WINDOWS\SYSTEM32\apphelp.dll
0x00007ff804660000 - 0x00007ff80468b000 	C:\WINDOWS\system32\DWMAPI.DLL
0x00007ff804250000 - 0x00007ff8042fb000 	C:\WINDOWS\system32\uxtheme.dll
0x00007fffd0ba0000 - 0x00007fffd0ca0000 	C:\WINDOWS\system32\opengl32.dll
0x00007fffddd70000 - 0x00007fffddd9d000 	C:\WINDOWS\SYSTEM32\GLU32.dll
0x00007ff804330000 - 0x00007ff804369000 	C:\WINDOWS\SYSTEM32\dxcore.dll
0x00007ff809470000 - 0x00007ff8095c3000 	C:\WINDOWS\System32\MSCTF.dll
0x00007ff8081b0000 - 0x00007ff808355000 	C:\WINDOWS\System32\ole32.dll
0x00007fffc5d80000 - 0x00007fffc5f29000 	C:\WINDOWS\system32\d3d9.dll
0x00007fffff840000 - 0x00007fffff9fb000 	C:\WINDOWS\System32\DriverStore\FileRepository\u0395576.inf_amd64_2949f08acf1f9e9e\B394313\aticfx64.dll
0x00007fffd4710000 - 0x00007fffd4744000 	C:\WINDOWS\System32\DriverStore\FileRepository\u0395576.inf_amd64_2949f08acf1f9e9e\B394313\atiu9p64.dll
0x00007fffa0740000 - 0x00007fffa1495000 	C:\WINDOWS\System32\DriverStore\FileRepository\u0395576.inf_amd64_2949f08acf1f9e9e\B394313\atiumd64.dll
0x0000000076d50000 - 0x0000000077c62000 	C:\WINDOWS\System32\DriverStore\FileRepository\u0395576.inf_amd64_2949f08acf1f9e9e\B394313\atiumd6a.dll
0x00007ff808a10000 - 0x00007ff808e84000 	C:\WINDOWS\System32\SETUPAPI.dll
0x00007fffff770000 - 0x00007fffff7a5000 	C:\WINDOWS\SYSTEM32\amdihk64.dll
0x00007ff801ea0000 - 0x00007ff801eea000 	C:\WINDOWS\SYSTEM32\directxdatabasehelper.dll
0x00007fffc85f0000 - 0x00007fffc8677000 	C:\Program Files\Java\jdk-21\bin\freetype.dll
0x00007fffc5fa0000 - 0x00007fffc6073000 	C:\Program Files\Java\jdk-21\bin\fontmanager.dll
0x00007fffe8530000 - 0x00007fffe867a000 	C:\WINDOWS\SYSTEM32\textinputframework.dll
0x00007ff803c80000 - 0x00007ff803db4000 	C:\WINDOWS\SYSTEM32\CoreMessaging.dll
0x00007ff8015d0000 - 0x00007ff80193c000 	C:\WINDOWS\SYSTEM32\CoreUIComponents.dll
0x00007ff8063e0000 - 0x00007ff8063ec000 	C:\WINDOWS\SYSTEM32\CRYPTBASE.DLL

dbghelp: loaded successfully - version: 4.0.5 - missing functions: none
symbol engine: initialized successfully - sym options: 0x614 - pdb path: .;C:\Program Files\Java\jdk-21\bin;C:\WINDOWS\SYSTEM32;C:\WINDOWS\WinSxS\amd64_microsoft.windows.common-controls_6595b64144ccf1df_6.0.22621.3235_none_270f74e173860f98;C:\Program Files\Java\jdk-21\bin\server;C:\WINDOWS\System32\DriverStore\FileRepository\u0395576.inf_amd64_2949f08acf1f9e9e\B394313

VM Arguments:
jvm_args: -Dfile.encoding=UTF-8 
java_command: Principal.Inicio
java_class_path (initial): C:\Users\Laura Pineda\OneDrive\Documentos\NetBeansProjects\Mediateca\lib\mysql-connector-j-8.3.0.jar;C:\Users\Laura Pineda\OneDrive\Documentos\NetBeansProjects\Mediateca\build\classes
Launcher Type: SUN_STANDARD

[Global flags]
     intx CICompilerCount                          = 2                                         {product} {ergonomic}
     uint ConcGCThreads                            = 1                                         {product} {ergonomic}
     uint G1ConcRefinementThreads                  = 2                                         {product} {ergonomic}
   size_t G1HeapRegionSize                         = 1048576                                   {product} {ergonomic}
    uintx GCDrainStackTargetSize                   = 64                                        {product} {ergonomic}
   size_t InitialHeapSize                          = 58720256                                  {product} {ergonomic}
   size_t MarkStackSize                            = 4194304                                   {product} {ergonomic}
   size_t MaxHeapSize                              = 910163968                                 {product} {ergonomic}
   size_t MaxNewSize                               = 545259520                                 {product} {ergonomic}
   size_t MinHeapDeltaBytes                        = 1048576                                   {product} {ergonomic}
   size_t MinHeapSize                              = 8388608                                   {product} {ergonomic}
    uintx NonNMethodCodeHeapSize                   = 5826188                                {pd product} {ergonomic}
    uintx NonProfiledCodeHeapSize                  = 122916026                              {pd product} {ergonomic}
    uintx ProfiledCodeHeapSize                     = 122916026                              {pd product} {ergonomic}
    uintx ReservedCodeCacheSize                    = 251658240                              {pd product} {ergonomic}
     bool SegmentedCodeCache                       = true                                      {product} {ergonomic}
   size_t SoftMaxHeapSize                          = 910163968                              {manageable} {ergonomic}
     bool UseCompressedOops                        = true                           {product lp64_product} {ergonomic}
     bool UseG1GC                                  = true                                      {product} {ergonomic}
     bool UseLargePagesIndividualAllocation        = false                                  {pd product} {ergonomic}

Logging:
Log output configuration:
 #0: stdout all=warning uptime,level,tags foldmultilines=false
 #1: stderr all=off uptime,level,tags foldmultilines=false

Environment Variables:
PATH=C:\Program Files\Microsoft\jdk-11.0.16.101-hotspot\bin;C:\Program Files (x86)\Common Files\Oracle\Java\javapath;C:\Program Files\Common Files\Oracle\Java\javapath;C:\WINDOWS\system32;C:\WINDOWS;C:\WINDOWS\System32\Wbem;C:\WINDOWS\System32\WindowsPowerShell\v1.0\;C:\WINDOWS\System32\OpenSSH\;C:\Program Files\dotnet\;C:\Program Files (x86)\Microsoft SQL Server\160\Tools\Binn\;C:\Program Files\Microsoft SQL Server\160\Tools\Binn\;C:\Program Files\Microsoft SQL Server\Client SDK\ODBC\170\Tools\Binn\;C:\Program Files\Microsoft SQL Server\160\DTS\Binn\;C:\Users\Laura Pineda\AppData\Local\Microsoft\WindowsApps;;C:\Program Files\Azure Data Studio\bin;C:\Program Files\Azure Data Studio\bin
USERNAME=Laura Pineda
OS=Windows_NT
PROCESSOR_IDENTIFIER=AMD64 Family 23 Model 24 Stepping 1, AuthenticAMD
TMP=C:\Users\LAURAP~1\AppData\Local\Temp
TEMP=C:\Users\LAURAP~1\AppData\Local\Temp




Periodic native trim disabled

---------------  S Y S T E M  ---------------

OS:
 Windows 11 , 64 bit Build 22621 (10.0.22621.3374)
OS uptime: 19 days 23:57 hours

CPU: total 2 (initial active 2) (2 cores per cpu, 1 threads per core) family 23 model 24 stepping 1 microcode 0x0, cx8, cmov, fxsr, mmx, 3dnowpref, sse, sse2, sse3, ssse3, sse4a, sse4.1, sse4.2, popcnt, lzcnt, tsc, tscinvbit, avx, avx2, aes, clmul, bmi1, bmi2, adx, sha, fma, vzeroupper, clflush, clflushopt, rdtscp, f16c
Processor Information for all 2 processors :
  Max Mhz: 2300, Current Mhz: 2300, Mhz Limit: 2300

Memory: 4k page, system-wide physical 3470M (252M free)
TotalPageFile size 14222M (AvailPageFile size 0M)
current process WorkingSet (physical memory assigned to process): 91M, peak: 92M
current process commit charge ("private bytes"): 175M, peak: 175M

vm_info: Java HotSpot(TM) 64-Bit Server VM (21.0.1+12-LTS-29) for windows-amd64 JRE (21.0.1+12-LTS-29), built on 2023-10-05T13:27:09Z by "mach5one" with MS VC++ 17.1 (VS2022)

END.
